CRITICAL - 2025-07-21 19:29:24 --> Error: Class "Supabase\SupabaseClient" not found
[Method: GET, Route: /]
in APPPATH\Libraries\SupabaseService.php on line 15.
 1 APPPATH\Controllers\Auth.php(19): App\Libraries\SupabaseService->__construct()
 2 SYSTEMPATH\CodeIgniter.php(903): App\Controllers\Auth->__construct()
 3 SYSTEMPATH\CodeIgniter.php(498): CodeIgniter\CodeIgniter->createController()
 4 SYSTEMPATH\CodeIgniter.php(354): CodeIgniter\CodeIgniter->handleRequest(null, Object(Config\Cache), false)
 5 SYSTEMPATH\Boot.php(334): CodeIgniter\CodeIgniter->run()
 6 SYSTEMPATH\Boot.php(67): CodeIgniter\Boot::runCodeIgniter(Object(CodeIgniter\CodeIgniter))
 7 FCPATH\index.php(59): CodeIgniter\Boot::bootWeb(Object(Config\Paths))
 8 SYSTEMPATH\rewrite.php(44): require_once('C:\\Users\\user-pc\\Music\\Ruined\\MyBradaPortal\\public\\index.php')
CRITICAL - 2025-07-21 19:33:12 --> Error: Class "App\Controllers\AuthModel" not found
[Method: POST, Route: attemptLogin]
in APPPATH\Controllers\Auth.php on line 46.
 1 SYSTEMPATH\CodeIgniter.php(933): App\Controllers\Auth->attemptLogin()
 2 SYSTEMPATH\CodeIgniter.php(507): CodeIgniter\CodeIgniter->runController(Object(App\Controllers\Auth))
 3 SYSTEMPATH\CodeIgniter.php(354): CodeIgniter\CodeIgniter->handleRequest(null, Object(Config\Cache), false)
 4 SYSTEMPATH\Boot.php(334): CodeIgniter\CodeIgniter->run()
 5 SYSTEMPATH\Boot.php(67): CodeIgniter\Boot::runCodeIgniter(Object(CodeIgniter\CodeIgniter))
 6 FCPATH\index.php(59): CodeIgniter\Boot::bootWeb(Object(Config\Paths))
 7 SYSTEMPATH\rewrite.php(44): require_once('C:\\Users\\user-pc\\Music\\Ruined\\MyBradaPortal\\public\\index.php')
CRITICAL - 2025-07-21 19:37:07 --> Error: Class "App\Controllers\AuthModel" not found
[Method: POST, Route: attemptLogin]
in APPPATH\Controllers\Auth.php on line 46.
 1 SYSTEMPATH\CodeIgniter.php(933): App\Controllers\Auth->attemptLogin()
 2 SYSTEMPATH\CodeIgniter.php(507): CodeIgniter\CodeIgniter->runController(Object(App\Controllers\Auth))
 3 SYSTEMPATH\CodeIgniter.php(354): CodeIgniter\CodeIgniter->handleRequest(null, Object(Config\Cache), false)
 4 SYSTEMPATH\Boot.php(334): CodeIgniter\CodeIgniter->run()
 5 SYSTEMPATH\Boot.php(67): CodeIgniter\Boot::runCodeIgniter(Object(CodeIgniter\CodeIgniter))
 6 FCPATH\index.php(59): CodeIgniter\Boot::bootWeb(Object(Config\Paths))
 7 SYSTEMPATH\rewrite.php(44): require_once('C:\\Users\\user-pc\\Music\\Ruined\\MyBradaPortal\\public\\index.php')
CRITICAL - 2025-07-21 19:38:27 --> Error: Class "App\Controllers\AuthModel" not found
[Method: POST, Route: attemptLogin]
in APPPATH\Controllers\Auth.php on line 47.
 1 SYSTEMPATH\CodeIgniter.php(933): App\Controllers\Auth->attemptLogin()
 2 SYSTEMPATH\CodeIgniter.php(507): CodeIgniter\CodeIgniter->runController(Object(App\Controllers\Auth))
 3 SYSTEMPATH\CodeIgniter.php(354): CodeIgniter\CodeIgniter->handleRequest(null, Object(Config\Cache), false)
 4 SYSTEMPATH\Boot.php(334): CodeIgniter\CodeIgniter->run()
 5 SYSTEMPATH\Boot.php(67): CodeIgniter\Boot::runCodeIgniter(Object(CodeIgniter\CodeIgniter))
 6 FCPATH\index.php(59): CodeIgniter\Boot::bootWeb(Object(Config\Paths))
 7 SYSTEMPATH\rewrite.php(44): require_once('C:\\Users\\user-pc\\Music\\Ruined\\MyBradaPortal\\public\\index.php')
CRITICAL - 2025-07-21 19:39:54 --> Error: Class "App\Controllers\AuthModel" not found
[Method: POST, Route: attemptLogin]
in APPPATH\Controllers\Auth.php on line 47.
 1 SYSTEMPATH\CodeIgniter.php(933): App\Controllers\Auth->attemptLogin()
 2 SYSTEMPATH\CodeIgniter.php(507): CodeIgniter\CodeIgniter->runController(Object(App\Controllers\Auth))
 3 SYSTEMPATH\CodeIgniter.php(354): CodeIgniter\CodeIgniter->handleRequest(null, Object(Config\Cache), false)
 4 SYSTEMPATH\Boot.php(334): CodeIgniter\CodeIgniter->run()
 5 SYSTEMPATH\Boot.php(67): CodeIgniter\Boot::runCodeIgniter(Object(CodeIgniter\CodeIgniter))
 6 FCPATH\index.php(59): CodeIgniter\Boot::bootWeb(Object(Config\Paths))
 7 SYSTEMPATH\rewrite.php(44): require_once('C:\\Users\\user-pc\\Music\\Ruined\\MyBradaPortal\\public\\index.php')
CRITICAL - 2025-07-21 19:43:05 --> Error: Class "App\Controllers\AuthModel" not found
[Method: POST, Route: attemptLogin]
in APPPATH\Controllers\Auth.php on line 49.
 1 SYSTEMPATH\CodeIgniter.php(933): App\Controllers\Auth->attemptLogin()
 2 SYSTEMPATH\CodeIgniter.php(507): CodeIgniter\CodeIgniter->runController(Object(App\Controllers\Auth))
 3 SYSTEMPATH\CodeIgniter.php(354): CodeIgniter\CodeIgniter->handleRequest(null, Object(Config\Cache), false)
 4 SYSTEMPATH\Boot.php(334): CodeIgniter\CodeIgniter->run()
 5 SYSTEMPATH\Boot.php(67): CodeIgniter\Boot::runCodeIgniter(Object(CodeIgniter\CodeIgniter))
 6 FCPATH\index.php(59): CodeIgniter\Boot::bootWeb(Object(Config\Paths))
 7 SYSTEMPATH\rewrite.php(44): require_once('C:\\Users\\user-pc\\Music\\Ruined\\MyBradaPortal\\public\\index.php')
CRITICAL - 2025-07-21 19:47:11 --> Error: Class "App\Controllers\AuthModel" not found
[Method: POST, Route: attemptLogin]
in APPPATH\Controllers\Auth.php on line 49.
 1 SYSTEMPATH\CodeIgniter.php(933): App\Controllers\Auth->attemptLogin()
 2 SYSTEMPATH\CodeIgniter.php(507): CodeIgniter\CodeIgniter->runController(Object(App\Controllers\Auth))
 3 SYSTEMPATH\CodeIgniter.php(354): CodeIgniter\CodeIgniter->handleRequest(null, Object(Config\Cache), false)
 4 SYSTEMPATH\Boot.php(334): CodeIgniter\CodeIgniter->run()
 5 SYSTEMPATH\Boot.php(67): CodeIgniter\Boot::runCodeIgniter(Object(CodeIgniter\CodeIgniter))
 6 FCPATH\index.php(59): CodeIgniter\Boot::bootWeb(Object(Config\Paths))
 7 SYSTEMPATH\rewrite.php(44): require_once('C:\\Users\\user-pc\\Music\\Ruined\\MyBradaPortal\\public\\index.php')
CRITICAL - 2025-07-21 19:47:58 --> CodeIgniter\Exceptions\CriticalError: The required PHP extension "mysqli" is not loaded. Install and enable it to use "MySQLi" driver.
[Method: POST, Route: attemptLogin]
in SYSTEMPATH\Database\Database.php on line 182.
 1 SYSTEMPATH\Database\Database.php(59): CodeIgniter\Database\Database->checkDbExtension('MySQLi')
 2 SYSTEMPATH\Database\Config.php(82): CodeIgniter\Database\Database->load([...], 'default')
 3 SYSTEMPATH\Model.php(155): CodeIgniter\Database\Config::connect('default')
 4 APPPATH\Models\AuthModel.php(13): CodeIgniter\Model->__construct()
 5 APPPATH\Controllers\Auth.php(49): App\Models\AuthModel->__construct()
 6 SYSTEMPATH\CodeIgniter.php(933): App\Controllers\Auth->attemptLogin()
 7 SYSTEMPATH\CodeIgniter.php(507): CodeIgniter\CodeIgniter->runController(Object(App\Controllers\Auth))
 8 SYSTEMPATH\CodeIgniter.php(354): CodeIgniter\CodeIgniter->handleRequest(null, Object(Config\Cache), false)
 9 SYSTEMPATH\Boot.php(334): CodeIgniter\CodeIgniter->run()
10 SYSTEMPATH\Boot.php(67): CodeIgniter\Boot::runCodeIgniter(Object(CodeIgniter\CodeIgniter))
11 FCPATH\index.php(59): CodeIgniter\Boot::bootWeb(Object(Config\Paths))
12 SYSTEMPATH\rewrite.php(44): require_once('C:\\Users\\user-pc\\Music\\Ruined\\MyBradaPortal\\public\\index.php')
CRITICAL - 2025-07-21 19:50:37 --> CodeIgniter\Exceptions\CriticalError: The required PHP extension "mysqli" is not loaded. Install and enable it to use "MySQLi" driver.
[Method: POST, Route: attemptLogin]
in SYSTEMPATH\Database\Database.php on line 182.
 1 SYSTEMPATH\Database\Database.php(59): CodeIgniter\Database\Database->checkDbExtension('MySQLi')
 2 SYSTEMPATH\Database\Config.php(82): CodeIgniter\Database\Database->load([...], 'default')
 3 SYSTEMPATH\Model.php(155): CodeIgniter\Database\Config::connect('default')
 4 APPPATH\Models\AuthModel.php(13): CodeIgniter\Model->__construct()
 5 APPPATH\Controllers\Auth.php(49): App\Models\AuthModel->__construct()
 6 SYSTEMPATH\CodeIgniter.php(933): App\Controllers\Auth->attemptLogin()
 7 SYSTEMPATH\CodeIgniter.php(507): CodeIgniter\CodeIgniter->runController(Object(App\Controllers\Auth))
 8 SYSTEMPATH\CodeIgniter.php(354): CodeIgniter\CodeIgniter->handleRequest(null, Object(Config\Cache), false)
 9 SYSTEMPATH\Boot.php(334): CodeIgniter\CodeIgniter->run()
10 SYSTEMPATH\Boot.php(67): CodeIgniter\Boot::runCodeIgniter(Object(CodeIgniter\CodeIgniter))
11 FCPATH\index.php(59): CodeIgniter\Boot::bootWeb(Object(Config\Paths))
12 SYSTEMPATH\rewrite.php(44): require_once('C:\\Users\\user-pc\\Music\\Ruined\\MyBradaPortal\\public\\index.php')
CRITICAL - 2025-07-21 19:51:00 --> CodeIgniter\Exceptions\CriticalError: The required PHP extension "mysqli" is not loaded. Install and enable it to use "MySQLi" driver.
[Method: POST, Route: attemptLogin]
in SYSTEMPATH\Database\Database.php on line 182.
 1 SYSTEMPATH\Database\Database.php(59): CodeIgniter\Database\Database->checkDbExtension('MySQLi')
 2 SYSTEMPATH\Database\Config.php(82): CodeIgniter\Database\Database->load([...], 'default')
 3 SYSTEMPATH\Model.php(155): CodeIgniter\Database\Config::connect('default')
 4 APPPATH\Models\AuthModel.php(13): CodeIgniter\Model->__construct()
 5 APPPATH\Controllers\Auth.php(49): App\Models\AuthModel->__construct()
 6 SYSTEMPATH\CodeIgniter.php(933): App\Controllers\Auth->attemptLogin()
 7 SYSTEMPATH\CodeIgniter.php(507): CodeIgniter\CodeIgniter->runController(Object(App\Controllers\Auth))
 8 SYSTEMPATH\CodeIgniter.php(354): CodeIgniter\CodeIgniter->handleRequest(null, Object(Config\Cache), false)
 9 SYSTEMPATH\Boot.php(334): CodeIgniter\CodeIgniter->run()
10 SYSTEMPATH\Boot.php(67): CodeIgniter\Boot::runCodeIgniter(Object(CodeIgniter\CodeIgniter))
11 FCPATH\index.php(59): CodeIgniter\Boot::bootWeb(Object(Config\Paths))
12 SYSTEMPATH\rewrite.php(44): require_once('C:\\Users\\user-pc\\Music\\Ruined\\MyBradaPortal\\public\\index.php')
CRITICAL - 2025-07-21 19:52:19 --> CodeIgniter\Exceptions\CriticalError: The required PHP extension "mysqli" is not loaded. Install and enable it to use "MySQLi" driver.
[Method: POST, Route: attemptLogin]
in SYSTEMPATH\Database\Database.php on line 182.
 1 SYSTEMPATH\Database\Database.php(59): CodeIgniter\Database\Database->checkDbExtension('MySQLi')
 2 SYSTEMPATH\Database\Config.php(82): CodeIgniter\Database\Database->load([...], 'default')
 3 SYSTEMPATH\Model.php(155): CodeIgniter\Database\Config::connect('default')
 4 APPPATH\Models\AuthModel.php(13): CodeIgniter\Model->__construct()
 5 APPPATH\Controllers\Auth.php(49): App\Models\AuthModel->__construct()
 6 SYSTEMPATH\CodeIgniter.php(933): App\Controllers\Auth->attemptLogin()
 7 SYSTEMPATH\CodeIgniter.php(507): CodeIgniter\CodeIgniter->runController(Object(App\Controllers\Auth))
 8 SYSTEMPATH\CodeIgniter.php(354): CodeIgniter\CodeIgniter->handleRequest(null, Object(Config\Cache), false)
 9 SYSTEMPATH\Boot.php(334): CodeIgniter\CodeIgniter->run()
10 SYSTEMPATH\Boot.php(67): CodeIgniter\Boot::runCodeIgniter(Object(CodeIgniter\CodeIgniter))
11 FCPATH\index.php(59): CodeIgniter\Boot::bootWeb(Object(Config\Paths))
12 SYSTEMPATH\rewrite.php(44): require_once('C:\\Users\\user-pc\\Music\\Ruined\\MyBradaPortal\\public\\index.php')
CRITICAL - 2025-07-21 19:57:12 --> ErrorException: Undefined array key "email"
[Method: POST, Route: attemptLogin]
in APPPATH\Controllers\Auth.php on line 103.
 1 APPPATH\Controllers\Auth.php(103): CodeIgniter\Debug\Exceptions->errorHandler(2, 'Undefined array key "email"', 'C:\\Users\\user-pc\\Music\\Ruined\\MyBradaPortal\\app\\Controllers\\Auth.php', 103)
 2 SYSTEMPATH\CodeIgniter.php(933): App\Controllers\Auth->attemptLogin()
 3 SYSTEMPATH\CodeIgniter.php(507): CodeIgniter\CodeIgniter->runController(Object(App\Controllers\Auth))
 4 SYSTEMPATH\CodeIgniter.php(354): CodeIgniter\CodeIgniter->handleRequest(null, Object(Config\Cache), false)
 5 SYSTEMPATH\Boot.php(334): CodeIgniter\CodeIgniter->run()
 6 SYSTEMPATH\Boot.php(67): CodeIgniter\Boot::runCodeIgniter(Object(CodeIgniter\CodeIgniter))
 7 FCPATH\index.php(59): CodeIgniter\Boot::bootWeb(Object(Config\Paths))
 8 SYSTEMPATH\rewrite.php(44): require_once('C:\\Users\\user-pc\\Music\\Ruined\\MyBradaPortal\\public\\index.php')
CRITICAL - 2025-07-21 19:58:52 --> ErrorException: Undefined array key "email_address"
[Method: POST, Route: attemptLogin]
in APPPATH\Controllers\Auth.php on line 103.
 1 APPPATH\Controllers\Auth.php(103): CodeIgniter\Debug\Exceptions->errorHandler(2, 'Undefined array key "email_address"', 'C:\\Users\\user-pc\\Music\\Ruined\\MyBradaPortal\\app\\Controllers\\Auth.php', 103)
 2 SYSTEMPATH\CodeIgniter.php(933): App\Controllers\Auth->attemptLogin()
 3 SYSTEMPATH\CodeIgniter.php(507): CodeIgniter\CodeIgniter->runController(Object(App\Controllers\Auth))
 4 SYSTEMPATH\CodeIgniter.php(354): CodeIgniter\CodeIgniter->handleRequest(null, Object(Config\Cache), false)
 5 SYSTEMPATH\Boot.php(334): CodeIgniter\CodeIgniter->run()
 6 SYSTEMPATH\Boot.php(67): CodeIgniter\Boot::runCodeIgniter(Object(CodeIgniter\CodeIgniter))
 7 FCPATH\index.php(59): CodeIgniter\Boot::bootWeb(Object(Config\Paths))
 8 SYSTEMPATH\rewrite.php(44): require_once('C:\\Users\\user-pc\\Music\\Ruined\\MyBradaPortal\\public\\index.php')
CRITICAL - 2025-07-21 20:04:25 --> Error: Cannot use object of type stdClass as array
[Method: POST, Route: attemptLogin]
in APPPATH\Controllers\Auth.php on line 103.
 1 SYSTEMPATH\CodeIgniter.php(933): App\Controllers\Auth->attemptLogin()
 2 SYSTEMPATH\CodeIgniter.php(507): CodeIgniter\CodeIgniter->runController(Object(App\Controllers\Auth))
 3 SYSTEMPATH\CodeIgniter.php(354): CodeIgniter\CodeIgniter->handleRequest(null, Object(Config\Cache), false)
 4 SYSTEMPATH\Boot.php(334): CodeIgniter\CodeIgniter->run()
 5 SYSTEMPATH\Boot.php(67): CodeIgniter\Boot::runCodeIgniter(Object(CodeIgniter\CodeIgniter))
 6 FCPATH\index.php(59): CodeIgniter\Boot::bootWeb(Object(Config\Paths))
 7 SYSTEMPATH\rewrite.php(44): require_once('C:\\Users\\user-pc\\Music\\Ruined\\MyBradaPortal\\public\\index.php')
CRITICAL - 2025-07-21 20:05:04 --> ErrorException: Undefined array key "email_address"
[Method: POST, Route: attemptLogin]
in APPPATH\Controllers\Auth.php on line 103.
 1 APPPATH\Controllers\Auth.php(103): CodeIgniter\Debug\Exceptions->errorHandler(2, 'Undefined array key "email_address"', 'C:\\Users\\user-pc\\Music\\Ruined\\MyBradaPortal\\app\\Controllers\\Auth.php', 103)
 2 SYSTEMPATH\CodeIgniter.php(933): App\Controllers\Auth->attemptLogin()
 3 SYSTEMPATH\CodeIgniter.php(507): CodeIgniter\CodeIgniter->runController(Object(App\Controllers\Auth))
 4 SYSTEMPATH\CodeIgniter.php(354): CodeIgniter\CodeIgniter->handleRequest(null, Object(Config\Cache), false)
 5 SYSTEMPATH\Boot.php(334): CodeIgniter\CodeIgniter->run()
 6 SYSTEMPATH\Boot.php(67): CodeIgniter\Boot::runCodeIgniter(Object(CodeIgniter\CodeIgniter))
 7 FCPATH\index.php(59): CodeIgniter\Boot::bootWeb(Object(Config\Paths))
 8 SYSTEMPATH\rewrite.php(44): require_once('C:\\Users\\user-pc\\Music\\Ruined\\MyBradaPortal\\public\\index.php')
CRITICAL - 2025-07-21 20:05:43 --> ErrorException: Undefined array key "password"
[Method: POST, Route: attemptLogin]
in APPPATH\Controllers\Auth.php on line 103.
 1 APPPATH\Controllers\Auth.php(103): CodeIgniter\Debug\Exceptions->errorHandler(2, 'Undefined array key "password"', 'C:\\Users\\user-pc\\Music\\Ruined\\MyBradaPortal\\app\\Controllers\\Auth.php', 103)
 2 SYSTEMPATH\CodeIgniter.php(933): App\Controllers\Auth->attemptLogin()
 3 SYSTEMPATH\CodeIgniter.php(507): CodeIgniter\CodeIgniter->runController(Object(App\Controllers\Auth))
 4 SYSTEMPATH\CodeIgniter.php(354): CodeIgniter\CodeIgniter->handleRequest(null, Object(Config\Cache), false)
 5 SYSTEMPATH\Boot.php(334): CodeIgniter\CodeIgniter->run()
 6 SYSTEMPATH\Boot.php(67): CodeIgniter\Boot::runCodeIgniter(Object(CodeIgniter\CodeIgniter))
 7 FCPATH\index.php(59): CodeIgniter\Boot::bootWeb(Object(Config\Paths))
 8 SYSTEMPATH\rewrite.php(44): require_once('C:\\Users\\user-pc\\Music\\Ruined\\MyBradaPortal\\public\\index.php')
CRITICAL - 2025-07-21 20:06:23 --> ErrorException: Undefined array key "password"
[Method: POST, Route: attemptLogin]
in APPPATH\Controllers\Auth.php on line 104.
 1 APPPATH\Controllers\Auth.php(104): CodeIgniter\Debug\Exceptions->errorHandler(2, 'Undefined array key "password"', 'C:\\Users\\user-pc\\Music\\Ruined\\MyBradaPortal\\app\\Controllers\\Auth.php', 104)
 2 SYSTEMPATH\CodeIgniter.php(933): App\Controllers\Auth->attemptLogin()
 3 SYSTEMPATH\CodeIgniter.php(507): CodeIgniter\CodeIgniter->runController(Object(App\Controllers\Auth))
 4 SYSTEMPATH\CodeIgniter.php(354): CodeIgniter\CodeIgniter->handleRequest(null, Object(Config\Cache), false)
 5 SYSTEMPATH\Boot.php(334): CodeIgniter\CodeIgniter->run()
 6 SYSTEMPATH\Boot.php(67): CodeIgniter\Boot::runCodeIgniter(Object(CodeIgniter\CodeIgniter))
 7 FCPATH\index.php(59): CodeIgniter\Boot::bootWeb(Object(Config\Paths))
 8 SYSTEMPATH\rewrite.php(44): require_once('C:\\Users\\user-pc\\Music\\Ruined\\MyBradaPortal\\public\\index.php')
CRITICAL - 2025-07-21 20:27:37 --> Error: Call to undefined function App\Controllers\unset_cookie()
[Method: GET, Route: logout]
in APPPATH\Controllers\Auth.php on line 123.
 1 SYSTEMPATH\CodeIgniter.php(933): App\Controllers\Auth->logout()
 2 SYSTEMPATH\CodeIgniter.php(507): CodeIgniter\CodeIgniter->runController(Object(App\Controllers\Auth))
 3 SYSTEMPATH\CodeIgniter.php(354): CodeIgniter\CodeIgniter->handleRequest(null, Object(Config\Cache), false)
 4 SYSTEMPATH\Boot.php(334): CodeIgniter\CodeIgniter->run()
 5 SYSTEMPATH\Boot.php(67): CodeIgniter\Boot::runCodeIgniter(Object(CodeIgniter\CodeIgniter))
 6 FCPATH\index.php(59): CodeIgniter\Boot::bootWeb(Object(Config\Paths))
 7 SYSTEMPATH\rewrite.php(44): require_once('C:\\Users\\user-pc\\Music\\Ruined\\MyBradaPortal\\public\\index.php')
CRITICAL - 2025-07-21 20:28:33 --> ErrorException: Undefined variable $COOKIE
[Method: GET, Route: logout]
in APPPATH\Controllers\Auth.php on line 126.
 1 APPPATH\Controllers\Auth.php(126): CodeIgniter\Debug\Exceptions->errorHandler(2, 'Undefined variable $COOKIE', 'C:\\Users\\user-pc\\Music\\Ruined\\MyBradaPortal\\app\\Controllers\\Auth.php', 126)
 2 SYSTEMPATH\CodeIgniter.php(933): App\Controllers\Auth->logout()
 3 SYSTEMPATH\CodeIgniter.php(507): CodeIgniter\CodeIgniter->runController(Object(App\Controllers\Auth))
 4 SYSTEMPATH\CodeIgniter.php(354): CodeIgniter\CodeIgniter->handleRequest(null, Object(Config\Cache), false)
 5 SYSTEMPATH\Boot.php(334): CodeIgniter\CodeIgniter->run()
 6 SYSTEMPATH\Boot.php(67): CodeIgniter\Boot::runCodeIgniter(Object(CodeIgniter\CodeIgniter))
 7 FCPATH\index.php(59): CodeIgniter\Boot::bootWeb(Object(Config\Paths))
 8 SYSTEMPATH\rewrite.php(44): require_once('C:\\Users\\user-pc\\Music\\Ruined\\MyBradaPortal\\public\\index.php')
CRITICAL - 2025-07-21 20:32:00 --> ParseError: syntax error, unexpected token "public"
[Method: GET, Route: logout]
in APPPATH\Controllers\Auth.php on line 120.
 1 SYSTEMPATH\Autoloader\Autoloader.php(295): CodeIgniter\Autoloader\Autoloader->includeFile('C:\\Users\\user-pc\\Music\\Ruined\\MyBradaPortal\\app\\Controllers\\Auth.php')
 2 SYSTEMPATH\Autoloader\Autoloader.php(271): CodeIgniter\Autoloader\Autoloader->loadInNamespace('App\\Controllers\\Auth')
 3 [internal function]: CodeIgniter\Autoloader\Autoloader->loadClass('App\\Controllers\\Auth')
 4 SYSTEMPATH\CodeIgniter.php(885): class_exists('\\App\\Controllers\\Auth', true)
 5 SYSTEMPATH\CodeIgniter.php(494): CodeIgniter\CodeIgniter->startController()
 6 SYSTEMPATH\CodeIgniter.php(354): CodeIgniter\CodeIgniter->handleRequest(null, Object(Config\Cache), false)
 7 SYSTEMPATH\Boot.php(334): CodeIgniter\CodeIgniter->run()
 8 SYSTEMPATH\Boot.php(67): CodeIgniter\Boot::runCodeIgniter(Object(CodeIgniter\CodeIgniter))
 9 FCPATH\index.php(59): CodeIgniter\Boot::bootWeb(Object(Config\Paths))
10 SYSTEMPATH\rewrite.php(44): require_once('C:\\Users\\user-pc\\Music\\Ruined\\MyBradaPortal\\public\\index.php')
CRITICAL - 2025-07-21 20:39:26 --> TypeError: CodeIgniter\Cookie\Cookie::validatePrefix(): Argument #1 ($prefix) must be of type string, false given, called in C:\Users\user-pc\Music\Ruined\MyBradaPortal\system\Cookie\Cookie.php on line 232
[Method: GET, Route: logout]
in SYSTEMPATH\Cookie\Cookie.php on line 741.
 1 SYSTEMPATH\Cookie\Cookie.php(232): CodeIgniter\Cookie\Cookie->validatePrefix(false, true, '/', '/')
 2 SYSTEMPATH\HTTP\ResponseTrait.php(545): CodeIgniter\Cookie\Cookie->__construct('access_token', '', [...])
 3 APPPATH\Controllers\Auth.php(144): CodeIgniter\HTTP\Response->setCookie('access_token', '', 3506257132, '/', '', false, true, 'Lax')
 4 SYSTEMPATH\CodeIgniter.php(933): App\Controllers\Auth->logout()
 5 SYSTEMPATH\CodeIgniter.php(507): CodeIgniter\CodeIgniter->runController(Object(App\Controllers\Auth))
 6 SYSTEMPATH\CodeIgniter.php(354): CodeIgniter\CodeIgniter->handleRequest(null, Object(Config\Cache), false)
 7 SYSTEMPATH\Boot.php(334): CodeIgniter\CodeIgniter->run()
 8 SYSTEMPATH\Boot.php(67): CodeIgniter\Boot::runCodeIgniter(Object(CodeIgniter\CodeIgniter))
 9 FCPATH\index.php(59): CodeIgniter\Boot::bootWeb(Object(Config\Paths))
10 SYSTEMPATH\rewrite.php(44): require_once('C:\\Users\\user-pc\\Music\\Ruined\\MyBradaPortal\\public\\index.php')
